Arguments: 
  /usr/local/bin/node /usr/local/bin/yarn add react-fom

PATH: 
  /usr/local/bin:/usr/bin:/bin:/usr/local/games:/usr/games:/home/etudiant/.npm-packages/bin:/home/etudiant/.antigen/bundles/robbyrussell/oh-my-zsh/lib:/home/etudiant/.antigen/bundles/robbyrussell/oh-my-zsh/plugins/git:/home/etudiant/.antigen/bundles/robbyrussell/oh-my-zsh/plugins/heroku:/home/etudiant/.antigen/bundles/robbyrussell/oh-my-zsh/plugins/pip:/home/etudiant/.antigen/bundles/robbyrussell/oh-my-zsh/plugins/lein:/home/etudiant/.antigen/bundles/robbyrussell/oh-my-zsh/plugins/command-not-found:/home/etudiant/.antigen/bundles/zsh-users/zsh-syntax-highlighting:/home/etudiant/.antigen/bundles/denysdovhan/spaceship-prompt

Yarn version: 
  1.19.2

Node version: 
  13.2.0

Platform: 
  linux x64

Trace: 
  Error: https://registry.yarnpkg.com/react-fom: Not found
      at Request.params.callback [as _callback] (/usr/local/lib/node_modules/yarn/lib/cli.js:66927:18)
      at Request.self.callback (/usr/local/lib/node_modules/yarn/lib/cli.js:140586:22)
      at Request.emit (events.js:210:5)
      at Request.<anonymous> (/usr/local/lib/node_modules/yarn/lib/cli.js:141558:10)
      at Request.emit (events.js:210:5)
      at IncomingMessage.<anonymous> (/usr/local/lib/node_modules/yarn/lib/cli.js:141480:12)
      at Object.onceWrapper (events.js:299:28)
      at IncomingMessage.emit (events.js:215:7)
      at endReadableNT (_stream_readable.js:1200:12)
      at processTicksAndRejections (internal/process/task_queues.js:80:21)

npm manifest: 
  {
    "dependencies": {
      "axios": "^0.19.2",
      "bulma": "^0.8.2",
      "checkbox": "^0.0.1",
      "leaflet-markercluster": "^0.2.2",
      "leaflet.markercluster": "^1.4.1",
      "omit": "^1.0.1",
      "react-dom": "^16.13.1",
      "react-google-recaptcha": "^2.0.1",
      "react-leaflet": "^2.7.0",
      "react-leaflet-markercluster": "^2.0.0",
      "vue-recaptcha": "^1.3.0"
    }
  }

yarn manifest: 
  No manifest

Lockfile: 
  # THIS IS AN AUTOGENERATED FILE. DO NOT EDIT THIS FILE DIRECTLY.
  # yarn lockfile v1
  
  
  "@babel/runtime@^7.9.2":
    version "7.9.6"
    resolved "https://registry.yarnpkg.com/@babel/runtime/-/runtime-7.9.6.tgz#a9102eb5cadedf3f31d08a9ecf294af7827ea29f"
    integrity sha512-64AF1xY3OAkFHqOb9s4jpgk1Mm5vDZ4L3acHvAml+53nO1XbXLuDodsVpO4OIUsmemlUHMxNdYMNJmsvOwLrvQ==
    dependencies:
      regenerator-runtime "^0.13.4"
  
  angular@1.x:
    version "1.7.9"
    resolved "https://registry.yarnpkg.com/angular/-/angular-1.7.9.tgz#e52616e8701c17724c3c238cfe4f9446fd570bc4"
    integrity sha512-5se7ZpcOtu0MBFlzGv5dsM1quQDoDeUTwZrWjGtTNA7O88cD8TEk5IEKCTDa3uECV9XnvKREVUr7du1ACiWGFQ==
  
  axios@^0.19.2:
    version "0.19.2"
    resolved "https://registry.yarnpkg.com/axios/-/axios-0.19.2.tgz#3ea36c5d8818d0d5f8a8a97a6d36b86cdc00cb27"
    integrity sha512-fjgm5MvRHLhx+osE2xoekY70AhARk3a6hkN+3Io1jc00jtquGvxYlKlsFUhmUET0V5te6CcZI7lcv2Ym61mjHA==
    dependencies:
      follow-redirects "1.5.10"
  
  bulma@^0.8.2:
    version "0.8.2"
    resolved "https://registry.yarnpkg.com/bulma/-/bulma-0.8.2.tgz#5d928f16ed4a84549c2873f95c92c38c69c631a7"
    integrity sha512-vMM/ijYSxX+Sm+nD7Lmc1UgWDy2JcL2nTKqwgEqXuOMU+IGALbXd5MLt/BcjBAPLIx36TtzhzBcSnOP974gcqA==
  
  checkbox@^0.0.1:
    version "0.0.1"
    resolved "https://registry.yarnpkg.com/checkbox/-/checkbox-0.0.1.tgz#c407d7e51ee2183bee957dbc34960e3c00d0d165"
    integrity sha1-xAfX5R7iGDvulX28NJYOPADQ0WU=
    dependencies:
      angular "1.x"
  
  debug@=3.1.0:
    version "3.1.0"
    resolved "https://registry.yarnpkg.com/debug/-/debug-3.1.0.tgz#5bb5a0672628b64149566ba16819e61518c67261"
    integrity sha512-OX8XqP7/1a9cqkxYw2yXss15f26NKWBpDXQd0/uK/KPqdQhxbPa994hnzjcE2VqQpDslf55723cKPUOGSmMY3g==
    dependencies:
      ms "2.0.0"
  
  fast-deep-equal@^3.1.1:
    version "3.1.1"
    resolved "https://registry.yarnpkg.com/fast-deep-equal/-/fast-deep-equal-3.1.1.tgz#545145077c501491e33b15ec408c294376e94ae4"
    integrity sha512-8UEa58QDLauDNfpbrX55Q9jrGHThw2ZMdOky5Gl1CDtVeJDPVrG4Jxx1N8jw2gkWaff5UUuX1KJd+9zGe2B+ZA==
  
  follow-redirects@1.5.10:
    version "1.5.10"
    resolved "https://registry.yarnpkg.com/follow-redirects/-/follow-redirects-1.5.10.tgz#7b7a9f9aea2fdff36786a94ff643ed07f4ff5e2a"
    integrity sha512-0V5l4Cizzvqt5D44aTXbFZz+FtyXV1vrDN6qrelxtfYQKW0KO0W2T/hkE8xvGa/540LkZlkaUjO4ailYTFtHVQ==
    dependencies:
      debug "=3.1.0"
  
  hoist-non-react-statics@^3.3.0, hoist-non-react-statics@^3.3.2:
    version "3.3.2"
    resolved "https://registry.yarnpkg.com/hoist-non-react-statics/-/hoist-non-react-statics-3.3.2.tgz#ece0acaf71d62c2969c2ec59feff42a4b1a85b45"
    integrity sha512-/gGivxi8JPKWNm/W0jSmzcMPpfpPLc3dY/6GxhX2hQ9iGj3aDfklV4ET7NjKpSinLpJ5vafa9iiGIEZg10SfBw==
    dependencies:
      react-is "^16.7.0"
  
  "js-tokens@^3.0.0 || ^4.0.0":
    version "4.0.0"
    resolved "https://registry.yarnpkg.com/js-tokens/-/js-tokens-4.0.0.tgz#19203fb59991df98e3a287050d4647cdeaf32499"
    integrity sha512-RdJUflcE3cUzKiMqQgsCu06FPu9UdIJO0beYbPhHN4k6apgJtifcoCtT9bcxOpYBtpD2kCM6Sbzg4CausW/PKQ==
  
  leaflet-engine@>=0.4.2:
    version "0.4.5"
    resolved "https://registry.yarnpkg.com/leaflet-engine/-/leaflet-engine-0.4.5.tgz#5692a83921814f9087eca24857540747458d4a24"
    integrity sha1-VpKoOSGBT5CH7KJIV1QHR0WNSiQ=
  
  leaflet-markercluster@^0.2.2:
    version "0.2.2"
    resolved "https://registry.yarnpkg.com/leaflet-markercluster/-/leaflet-markercluster-0.2.2.tgz#29a4876b3c9a9b631a7f1f6289753b8f74f2290c"
    integrity sha1-KaSHazyam2Mafx9iiXU7j3TyKQw=
    dependencies:
      leaflet-engine ">=0.4.2"
  
  leaflet.markercluster@^1.4.1:
    version "1.4.1"
    resolved "https://registry.yarnpkg.com/leaflet.markercluster/-/leaflet.markercluster-1.4.1.tgz#b53f2c4f2ca7306ddab1dbb6f1861d5e8aa6c5e5"
    integrity sha512-ZSEpE/EFApR0bJ1w/dUGwTSUvWlpalKqIzkaYdYB7jaftQA/Y2Jav+eT4CMtEYFj+ZK4mswP13Q2acnPBnhGOw==
  
  leaflet@^1.6.0:
    version "1.6.0"
    resolved "https://registry.yarnpkg.com/leaflet/-/leaflet-1.6.0.tgz#aecbb044b949ec29469eeb31c77a88e2f448f308"
    integrity sha512-CPkhyqWUKZKFJ6K8umN5/D2wrJ2+/8UIpXppY7QDnUZW5bZL5+SEI2J7GBpwh4LIupOKqbNSQXgqmrEJopHVNQ==
  
  loose-envify@^1.0.0, loose-envify@^1.1.0, loose-envify@^1.4.0:
    version "1.4.0"
    resolved "https://registry.yarnpkg.com/loose-envify/-/loose-envify-1.4.0.tgz#71ee51fa7be4caec1a63839f7e682d8132d30caf"
    integrity sha512-lyuxPGr/Wfhrlem2CL/UcnUc1zcqKAImBDzukY7Y5F/yQiNdko6+fRLevlw1HgMySw7f611UIY408EtxRSoK3Q==
    dependencies:
      js-tokens "^3.0.0 || ^4.0.0"
  
  ms@2.0.0:
    version "2.0.0"
    resolved "https://registry.yarnpkg.com/ms/-/ms-2.0.0.tgz#5608aeadfc00be6c2901df5f9861788de0d597c8"
    integrity sha1-VgiurfwAvmwpAd9fmGF4jeDVl8g=
  
  object-assign@^4.1.1:
    version "4.1.1"
    resolved "https://registry.yarnpkg.com/object-assign/-/object-assign-4.1.1.tgz#2109adc7965887cfc05cbbd442cac8bfbb360863"
    integrity sha1-IQmtx5ZYh8/AXLvUQsrIv7s2CGM=
  
  omit@^1.0.1:
    version "1.0.1"
    resolved "https://registry.yarnpkg.com/omit/-/omit-1.0.1.tgz#058a01b4b6db1287b36ecb58dfa8e18778958017"
    integrity sha1-BYoBtLbbEoezbstY36jhh3iVgBc=
  
  prop-types@^15.5.0, prop-types@^15.6.2:
    version "15.7.2"
    resolved "https://registry.yarnpkg.com/prop-types/-/prop-types-15.7.2.tgz#52c41e75b8c87e72b9d9360e0206b99dcbffa6c5"
    integrity sha512-8QQikdH7//R2vurIJSutZ1smHYTcLpRWEOlHnzcWHmBYrOGUysKwSsrC89BCiFj3CbrfJ/nXFdJepOVrY1GCHQ==
    dependencies:
      loose-envify "^1.4.0"
      object-assign "^4.1.1"
      react-is "^16.8.1"
  
  react-async-script@^1.1.1:
    version "1.1.1"
    resolved "https://registry.yarnpkg.com/react-async-script/-/react-async-script-1.1.1.tgz#f481c6c5f094bf4b94a9d52da0d0dda2e1a74bdf"
    integrity sha512-pmgS3O7JcX4YtH/Xy//NXylpD5CNb5T4/zqlVUV3HvcuyOanatvuveYoxl3X30ZSq/+q/+mSXcNS8xDVQJpSeA==
    dependencies:
      hoist-non-react-statics "^3.3.0"
      prop-types "^15.5.0"
  
  react-dom@^16.13.1:
    version "16.13.1"
    resolved "https://registry.yarnpkg.com/react-dom/-/react-dom-16.13.1.tgz#c1bd37331a0486c078ee54c4740720993b2e0e7f"
    integrity sha512-81PIMmVLnCNLO/fFOQxdQkvEq/+Hfpv24XNJfpyZhTRfO0QcmQIF/PgCa1zCOj2w1hrn12MFLyaJ/G0+Mxtfag==
    dependencies:
      loose-envify "^1.1.0"
      object-assign "^4.1.1"
      prop-types "^15.6.2"
      scheduler "^0.19.1"
  
  react-google-recaptcha@^2.0.1:
    version "2.0.1"
    resolved "https://registry.yarnpkg.com/react-google-recaptcha/-/react-google-recaptcha-2.0.1.tgz#3276b29659493f7ca2a5b7739f6c239293cdf1d8"
    integrity sha512-4Y8awVnarn7+gdVpu8uvSmRJzzlMMoXqdhLoyToTOfVK6oM+NaChNI8NShnu75Q2YGHLvR1IA1FWZesuYHwn5w==
    dependencies:
      prop-types "^15.5.0"
      react-async-script "^1.1.1"
  
  react-is@^16.7.0, react-is@^16.8.1:
    version "16.13.1"
    resolved "https://registry.yarnpkg.com/react-is/-/react-is-16.13.1.tgz#789729a4dc36de2999dc156dd6c1d9c18cea56a4"
    integrity sha512-24e6ynE2H+OKt4kqsOvNd8kBpV65zoxbA4BVsEOB3ARVWQki/DHzaUoC5KuON/BiccDaCCTZBuOcfZs70kR8bQ==
  
  react-leaflet-markercluster@^2.0.0:
    version "2.0.0"
    resolved "https://registry.yarnpkg.com/react-leaflet-markercluster/-/react-leaflet-markercluster-2.0.0.tgz#e0138b89a1b9c5cf752c9a8ec80231588ab46b38"
    integrity sha512-X1OuaMf4LeAQap638+X46+AN7ZqJKZse84o964brKj4AVVifs4fKCxTTFH6+MoyIarbWvF8x6tJ4vxT2BtxLYg==
    dependencies:
      leaflet "^1.6.0"
      leaflet.markercluster "^1.4.1"
      react-leaflet "^2.6.3"
  
  react-leaflet@^2.6.3, react-leaflet@^2.7.0:
    version "2.7.0"
    resolved "https://registry.yarnpkg.com/react-leaflet/-/react-leaflet-2.7.0.tgz#0e0e452a4903029f0bb564771eab8cf9db8e4517"
    integrity sha512-pMf5eRyWU8RH9HohM2i0NZymcWHraJA1m6iMFYu94/01PAaBJpOyxORZJmN6cV9dBzkVWaLjAAHTNmxbwIpcfw==
    dependencies:
      "@babel/runtime" "^7.9.2"
      fast-deep-equal "^3.1.1"
      hoist-non-react-statics "^3.3.2"
      warning "^4.0.3"
  
  regenerator-runtime@^0.13.4:
    version "0.13.5"
    resolved "https://registry.yarnpkg.com/regenerator-runtime/-/regenerator-runtime-0.13.5.tgz#d878a1d094b4306d10b9096484b33ebd55e26697"
    integrity sha512-ZS5w8CpKFinUzOwW3c83oPeVXoNsrLsaCoLtJvAClH135j/R77RuymhiSErhm2lKcwSCIpmvIWSbDkIfAqKQlA==
  
  scheduler@^0.19.1:
    version "0.19.1"
    resolved "https://registry.yarnpkg.com/scheduler/-/scheduler-0.19.1.tgz#4f3e2ed2c1a7d65681f4c854fa8c5a1ccb40f196"
    integrity sha512-n/zwRWRYSUj0/3g/otKDRPMh6qv2SYMWNq85IEa8iZyAv8od9zDYpGSnpBEjNgcMNq6Scbu5KfIPxNF72R/2EA==
    dependencies:
      loose-envify "^1.1.0"
      object-assign "^4.1.1"
  
  vue-recaptcha@^1.3.0:
    version "1.3.0"
    resolved "https://registry.yarnpkg.com/vue-recaptcha/-/vue-recaptcha-1.3.0.tgz#e668e54f798c6333057ef38b4425a72f451ce478"
    integrity sha512-9Qf1niyHq4QbEUhsvdUkS8BoOyhYwpp8v+imUSj67ffDo9RQ6h8Ekq8EGnw/GKViXCwWalp7EEY/n/fOtU0FyA==
  
  warning@^4.0.3:
    version "4.0.3"
    resolved "https://registry.yarnpkg.com/warning/-/warning-4.0.3.tgz#16e9e077eb8a86d6af7d64aa1e05fd85b4678ca3"
    integrity sha512-rpJyN222KWIvHJ/F53XSZv0Zl/accqHR8et1kpaMTD/fLCRxtV8iX8czMzY7sVZupTI3zcUTg8eycS2kNF9l6w==
    dependencies:
      loose-envify "^1.0.0"
